Starting scheduled publishing job...
Time: 2025-04-23T09:00:01.805Z
Checking for scheduled content to publish...
Found 0 items scheduled for today
Publishing job completed. Attempted to publish 0 items. Successfully published 0 items.
Starting scheduled publishing job...
Time: 2025-04-24T09:00:01.409Z
Checking for scheduled content to publish...
Found 1 items scheduled for today
Publishing scheduled content: 78 - "A Deep Dive into the Toronto Raptors: Strategies and Player Profiles for the NBA New Season" (wordpress)
Publishing to WordPress: "A Deep Dive into the Toronto Raptors: Strategies and Player Profiles for the NBA New Season"
Sending post to https://acetec.ca/wp-json/acetec/v1/post
Database connection established successfully.
Content model synchronized with database.
Successfully published to WordPress. Post ID: 4961
Successfully published content: 78
Publishing job completed. Attempted to publish 1 items. Successfully published 1 items.
Starting scheduled publishing job...
Time: 2025-04-25T09:00:01.851Z
Checking for scheduled content to publish...
Found 0 items scheduled for today
Publishing job completed. Attempted to publish 0 items. Successfully published 0 items.
Starting scheduled publishing job...
Time: 2025-04-26T09:00:01.462Z
Checking for scheduled content to publish...
Found 0 items scheduled for today
Publishing job completed. Attempted to publish 0 items. Successfully published 0 items.
Starting scheduled publishing job...
Time: 2025-04-27T09:00:02.095Z
Checking for scheduled content to publish...
Found 0 items scheduled for today
Publishing job completed. Attempted to publish 0 items. Successfully published 0 items.
Starting scheduled publishing job...
Time: 2025-04-28T09:00:01.715Z
Checking for scheduled content to publish...
Found 0 items scheduled for today
Publishing job completed. Attempted to publish 0 items. Successfully published 0 items.
Starting scheduled publishing job...
Time: 2025-04-29T09:00:01.325Z
Checking for scheduled content to publish...
Found 0 items scheduled for today
Publishing job completed. Attempted to publish 0 items. Successfully published 0 items.
Starting scheduled publishing job...
Time: 2025-04-30T09:00:01.953Z
Checking for scheduled content to publish...
Found 0 items scheduled for today
Publishing job completed. Attempted to publish 0 items. Successfully published 0 items.
Starting scheduled publishing job...
Time: 2025-05-01T09:00:01.566Z
Checking for scheduled content to publish...
Found 0 items scheduled for today
Publishing job completed. Attempted to publish 0 items. Successfully published 0 items.
Starting scheduled publishing job...
Time: 2025-05-02T09:00:02.216Z
Checking for scheduled content to publish...
Found 0 items scheduled for today
Publishing job completed. Attempted to publish 0 items. Successfully published 0 items.
Starting scheduled publishing job...
Time: 2025-05-03T09:00:01.820Z
Checking for scheduled content to publish...
Found 0 items scheduled for today
Publishing job completed. Attempted to publish 0 items. Successfully published 0 items.
